  [1m[35m (123.1ms)[0m  [1m[35mCREATE TABLE "schema_migrations" ("version" character varying PRIMARY KEY)[0m
  [1m[35m (90.0ms)[0m  [1m[35mCREATE TABLE "ar_internal_metadata" ("key" character varying PRIMARY KEY, "value" character varying, "created_at" timestamp NOT NULL, "updated_at" timestamp NOT NULL)[0m
  [1m[35m (0.5ms)[0m  [1m[34mSELECT pg_try_advisory_lock(222876557172291540);[0m
  [1m[36mActiveRecord::SchemaMigration Load (0.8ms)[0m  [1m[34mSELECT "schema_migrations".* FROM "schema_migrations"[0m
Migrating to DeviseCreateUsers (20170226033252)
  [1m[35m (0.2ms)[0m  [1m[35mBEGIN[0m
  [1m[35m (510.9ms)[0m  [1m[35mCREATE TABLE "users" ("id" serial primary key, "email" character varying DEFAULT '' NOT NULL, "encrypted_password" character varying DEFAULT '' NOT NULL, "reset_password_token" character varying, "reset_password_sent_at" timestamp, "remember_created_at" timestamp, "sign_in_count" integer DEFAULT 0 NOT NULL, "current_sign_in_at" timestamp, "last_sign_in_at" timestamp, "current_sign_in_ip" inet, "last_sign_in_ip" inet, "name" character varying, "created_at" timestamp NOT NULL, "updated_at" timestamp NOT NULL)[0m
  [1m[35m (37.7ms)[0m  [1m[35mCREATE UNIQUE INDEX  "index_users_on_email" ON "users"  ("email")[0m
  [1m[35m (37.4ms)[0m  [1m[35mCREATE UNIQUE INDEX  "index_users_on_reset_password_token" ON "users"  ("reset_password_token")[0m
  [1m[35mSQL (0.9ms)[0m  [1m[32mINSERT INTO "schema_migrations" ("version") VALUES ($1) RETURNING "version"[0m  [["version", "20170226033252"]]
  [1m[35m (16.3ms)[0m  [1m[35mCOMMIT[0m
Migrating to CreatePosts (20170305015820)
  [1m[35m (0.2ms)[0m  [1m[35mBEGIN[0m
  [1m[35m (53.0ms)[0m  [1m[35mCREATE TABLE "posts" ("id" serial primary key, "user_id" integer, "created_at" timestamp NOT NULL, "updated_at" timestamp NOT NULL)[0m
  [1m[35mSQL (0.5ms)[0m  [1m[32mINSERT INTO "schema_migrations" ("version") VALUES ($1) RETURNING "version"[0m  [["version", "20170305015820"]]
  [1m[35m (20.0ms)[0m  [1m[35mCOMMIT[0m
Migrating to CreateComments (20170305021122)
  [1m[35m (0.2ms)[0m  [1m[35mBEGIN[0m
  [1m[35m (76.2ms)[0m  [1m[35mCREATE TABLE "comments" ("id" serial primary key, "content" text, "user_id" integer, "post_id" integer, "created_at" timestamp NOT NULL, "updated_at" timestamp NOT NULL)[0m
  [1m[35mSQL (0.7ms)[0m  [1m[32mINSERT INTO "schema_migrations" ("version") VALUES ($1) RETURNING "version"[0m  [["version", "20170305021122"]]
  [1m[35m (19.1ms)[0m  [1m[35mCOMMIT[0m
Migrating to AddTitleToPost (20170318021408)
  [1m[35m (0.3ms)[0m  [1m[35mBEGIN[0m
  [1m[35m (43.5ms)[0m  [1m[35mALTER TABLE "posts" ADD "title" character varying[0m
  [1m[35mSQL (0.4ms)[0m  [1m[32mINSERT INTO "schema_migrations" ("version") VALUES ($1) RETURNING "version"[0m  [["version", "20170318021408"]]
  [1m[35m (18.9ms)[0m  [1m[35mCOMMIT[0m
Migrating to AddAttachmentImageToPosts (20170318023239)
  [1m[35m (0.2ms)[0m  [1m[35mBEGIN[0m
DEPRECATION WARNING: Directly inheriting from ActiveRecord::Migration is deprecated. Please specify the Rails release the migration was written for:

  class AddAttachmentImageToPosts < ActiveRecord::Migration[4.2] (called from require at /home/dev2me/projects/pixy/bin/rails:9)
  [1m[35m (0.5ms)[0m  [1m[35mALTER TABLE "posts" ADD "image_file_name" character varying[0m
  [1m[35m (0.4ms)[0m  [1m[35mALTER TABLE "posts" ADD "image_content_type" character varying[0m
  [1m[35m (0.3ms)[0m  [1m[35mALTER TABLE "posts" ADD "image_file_size" integer[0m
  [1m[35m (0.4ms)[0m  [1m[35mALTER TABLE "posts" ADD "image_updated_at" timestamp[0m
  [1m[35mSQL (0.5ms)[0m  [1m[32mINSERT INTO "schema_migrations" ("version") VALUES ($1) RETURNING "version"[0m  [["version", "20170318023239"]]
  [1m[35m (4.3ms)[0m  [1m[35mCOMMIT[0m
Migrating to AddAttachmentAvatarToUsers (20170325030743)
  [1m[35m (0.2ms)[0m  [1m[35mBEGIN[0m
DEPRECATION WARNING: Directly inheriting from ActiveRecord::Migration is deprecated. Please specify the Rails release the migration was written for:

  class AddAttachmentAvatarToUsers < ActiveRecord::Migration[4.2] (called from require at /home/dev2me/projects/pixy/bin/rails:9)
  [1m[35m (0.8ms)[0m  [1m[35mALTER TABLE "users" ADD "avatar_file_name" character varying[0m
  [1m[35m (0.4ms)[0m  [1m[35mALTER TABLE "users" ADD "avatar_content_type" character varying[0m
  [1m[35m (0.3ms)[0m  [1m[35mALTER TABLE "users" ADD "avatar_file_size" integer[0m
  [1m[35m (0.3ms)[0m  [1m[35mALTER TABLE "users" ADD "avatar_updated_at" timestamp[0m
  [1m[35mSQL (0.3ms)[0m  [1m[32mINSERT INTO "schema_migrations" ("version") VALUES ($1) RETURNING "version"[0m  [["version", "20170325030743"]]
  [1m[35m (4.5ms)[0m  [1m[35mCOMMIT[0m
Migrating to AddDeviseGuestsToUsers (20170403194550)
  [1m[35m (0.1ms)[0m  [1m[35mBEGIN[0m
DEPRECATION WARNING: Directly inheriting from ActiveRecord::Migration is deprecated. Please specify the Rails release the migration was written for:

  class AddDeviseGuestsToUsers < ActiveRecord::Migration[4.2] (called from require at /home/dev2me/projects/pixy/bin/rails:9)
  [1m[35m (147.4ms)[0m  [1m[35mALTER TABLE "users" ADD "guest" boolean DEFAULT 'f'[0m
  [1m[35mSQL (0.7ms)[0m  [1m[32mINSERT INTO "schema_migrations" ("version") VALUES ($1) RETURNING "version"[0m  [["version", "20170403194550"]]
  [1m[35m (13.9ms)[0m  [1m[35mCOMMIT[0m
  [1m[36mActiveRecord::InternalMetadata Load (0.8ms)[0m  [1m[34mSELECT  "ar_internal_metadata".* FROM "ar_internal_metadata" WHERE "ar_internal_metadata"."key" = $1 LIMIT $2[0m  [["key", :environment], ["LIMIT", 1]]
  [1m[35m (0.3ms)[0m  [1m[35mBEGIN[0m
  [1m[35mSQL (0.7ms)[0m  [1m[32mINSERT INTO "ar_internal_metadata" ("key", "value", "created_at", "updated_at") VALUES ($1, $2, $3, $4) RETURNING "key"[0m  [["key", "environment"], ["value", "development"], ["created_at", 2017-04-04 07:47:47 UTC], ["updated_at", 2017-04-04 07:47:47 UTC]]
  [1m[35m (19.9ms)[0m  [1m[35mCOMMIT[0m
  [1m[35m (0.4ms)[0m  [1m[34mSELECT pg_advisory_unlock(222876557172291540)[0m
  [1m[36mActiveRecord::SchemaMigration Load (0.4ms)[0m  [1m[34mSELECT "schema_migrations".* FROM "schema_migrations"[0m
Started GET "/" for ::1 at 2017-04-04 02:48:15 -0500
  [1m[36mActiveRecord::SchemaMigration Load (0.5ms)[0m  [1m[34mSELECT "schema_migrations".* FROM "schema_migrations"[0m
DEPRECATION WARNING: before_filter is deprecated and will be removed in Rails 5.1. Use before_action instead. (called from <class:ApplicationController> at /home/dev2me/projects/pixy/app/controllers/application_controller.rb:3)
DEPRECATION WARNING: before_filter is deprecated and will be removed in Rails 5.1. Use before_action instead. (called from <class:ApplicationController> at /home/dev2me/projects/pixy/app/controllers/application_controller.rb:4)
Processing by PostsController#index as HTML
  Rendering posts/index.html.erb within layouts/application
  [1m[35m (0.5ms)[0m  [1m[34mSELECT COUNT(*) FROM "posts"[0m
  [1m[35m (1.5ms)[0m  [1m[34mSELECT DISTINCT COUNT(DISTINCT "posts"."id") FROM "posts"[0m
  Rendered posts/index.html.erb within layouts/application (20.8ms)
Completed 200 OK in 9281ms (Views: 9237.6ms | ActiveRecord: 8.6ms)


Started GET "/users/sign_in" for ::1 at 2017-04-04 02:48:31 -0500
Processing by Devise::SessionsController#new as HTML
  Rendering devise/sessions/new.html.erb within layouts/application
  Rendered devise/shared/_links.html.erb (2.7ms)
  Rendered devise/sessions/new.html.erb within layouts/application (20.0ms)
Completed 200 OK in 140ms (Views: 80.6ms | ActiveRecord: 14.6ms)


Started GET "/" for ::1 at 2017-04-04 02:48:33 -0500
Processing by PostsController#index as HTML
  Rendering posts/index.html.erb within layouts/application
  [1m[35m (1.8ms)[0m  [1m[34mSELECT COUNT(*) FROM "posts"[0m
  [1m[35m (1.1ms)[0m  [1m[34mSELECT DISTINCT COUNT(DISTINCT "posts"."id") FROM "posts"[0m
  Rendered posts/index.html.erb within layouts/application (9.3ms)
Completed 200 OK in 74ms (Views: 66.7ms | ActiveRecord: 2.9ms)


Started GET "/posts/new" for ::1 at 2017-04-04 02:48:34 -0500
Processing by PostsController#new as HTML
  Rendering posts/new.html.erb within layouts/application
  Rendered posts/_form.html.erb (7.5ms)
  Rendered posts/new.html.erb within layouts/application (9.1ms)
Completed 200 OK in 100ms (Views: 81.3ms | ActiveRecord: 1.6ms)


Started GET "/" for ::1 at 2017-04-04 02:48:37 -0500
Processing by PostsController#index as HTML
  Rendering posts/index.html.erb within layouts/application
  [1m[35m (1.3ms)[0m  [1m[34mSELECT COUNT(*) FROM "posts"[0m
  [1m[35m (1.9ms)[0m  [1m[34mSELECT DISTINCT COUNT(DISTINCT "posts"."id") FROM "posts"[0m
  Rendered posts/index.html.erb within layouts/application (15.7ms)
Completed 200 OK in 84ms (Views: 77.5ms | ActiveRecord: 3.2ms)


Started GET "/posts/new" for ::1 at 2017-04-04 02:48:38 -0500
Processing by PostsController#new as HTML
  Rendering posts/new.html.erb within layouts/application
  Rendered posts/_form.html.erb (4.9ms)
  Rendered posts/new.html.erb within layouts/application (7.1ms)
Completed 200 OK in 73ms (Views: 70.1ms | ActiveRecord: 0.0ms)


Started GET "/" for ::1 at 2017-04-04 02:48:38 -0500
Processing by PostsController#index as HTML
  Rendering posts/index.html.erb within layouts/application
  [1m[35m (2.0ms)[0m  [1m[34mSELECT COUNT(*) FROM "posts"[0m
  [1m[35m (1.0ms)[0m  [1m[34mSELECT DISTINCT COUNT(DISTINCT "posts"."id") FROM "posts"[0m
  Rendered posts/index.html.erb within layouts/application (16.5ms)
Completed 200 OK in 89ms (Views: 82.3ms | ActiveRecord: 3.0ms)


Started GET "/posts/new" for ::1 at 2017-04-04 02:48:39 -0500
Processing by PostsController#new as HTML
  Rendering posts/new.html.erb within layouts/application
  Rendered posts/_form.html.erb (4.5ms)
  Rendered posts/new.html.erb within layouts/application (6.6ms)
Completed 200 OK in 75ms (Views: 72.5ms | ActiveRecord: 0.0ms)


Started GET "/" for ::1 at 2017-04-04 02:48:39 -0500
Processing by PostsController#index as HTML
  Rendering posts/index.html.erb within layouts/application
  [1m[35m (2.6ms)[0m  [1m[34mSELECT COUNT(*) FROM "posts"[0m
  [1m[35m (1.6ms)[0m  [1m[34mSELECT DISTINCT COUNT(DISTINCT "posts"."id") FROM "posts"[0m
  Rendered posts/index.html.erb within layouts/application (10.4ms)
Completed 200 OK in 74ms (Views: 65.9ms | ActiveRecord: 4.3ms)


Started GET "/posts/new" for ::1 at 2017-04-04 02:48:39 -0500
Processing by PostsController#new as HTML
  Rendering posts/new.html.erb within layouts/application
  Rendered posts/_form.html.erb (6.3ms)
  Rendered posts/new.html.erb within layouts/application (8.8ms)
Completed 200 OK in 69ms (Views: 66.8ms | ActiveRecord: 0.0ms)


Started GET "/" for ::1 at 2017-04-04 02:48:40 -0500
Processing by PostsController#index as HTML
  Rendering posts/index.html.erb within layouts/application
  [1m[35m (0.8ms)[0m  [1m[34mSELECT COUNT(*) FROM "posts"[0m
  [1m[35m (3.5ms)[0m  [1m[34mSELECT DISTINCT COUNT(DISTINCT "posts"."id") FROM "posts"[0m
  Rendered posts/index.html.erb within layouts/application (10.1ms)
Completed 200 OK in 76ms (Views: 68.1ms | ActiveRecord: 4.3ms)


Started GET "/posts/new" for ::1 at 2017-04-04 02:48:41 -0500
Processing by PostsController#new as HTML
  Rendering posts/new.html.erb within layouts/application
  Rendered posts/_form.html.erb (4.7ms)
  Rendered posts/new.html.erb within layouts/application (7.0ms)
Completed 200 OK in 63ms (Views: 60.3ms | ActiveRecord: 0.0ms)


Started GET "/" for ::1 at 2017-04-04 02:48:42 -0500
Processing by PostsController#index as HTML
  Rendering posts/index.html.erb within layouts/application
  [1m[35m (1.2ms)[0m  [1m[34mSELECT COUNT(*) FROM "posts"[0m
  [1m[35m (0.6ms)[0m  [1m[34mSELECT DISTINCT COUNT(DISTINCT "posts"."id") FROM "posts"[0m
  Rendered posts/index.html.erb within layouts/application (6.7ms)
Completed 200 OK in 72ms (Views: 67.1ms | ActiveRecord: 1.8ms)


Started GET "/posts/new" for ::1 at 2017-04-04 02:48:42 -0500
Processing by PostsController#new as HTML
  Rendering posts/new.html.erb within layouts/application
  Rendered posts/_form.html.erb (4.3ms)
  Rendered posts/new.html.erb within layouts/application (6.2ms)
Completed 200 OK in 69ms (Views: 67.7ms | ActiveRecord: 0.0ms)


Started GET "/posts/new?utf8=%E2%9C%93&q%5Btitle_cont%5D=&commit=Search" for ::1 at 2017-04-04 02:48:43 -0500
Processing by PostsController#new as HTML
  Parameters: {"utf8"=>"✓", "q"=>{"title_cont"=>""}, "commit"=>"Search"}
  Rendering posts/new.html.erb within layouts/application
  Rendered posts/_form.html.erb (3.6ms)
  Rendered posts/new.html.erb within layouts/application (6.4ms)
Completed 200 OK in 69ms (Views: 65.3ms | ActiveRecord: 0.0ms)


Started GET "/" for ::1 at 2017-04-04 02:48:46 -0500
Processing by PostsController#index as HTML
  Rendering posts/index.html.erb within layouts/application
  [1m[35m (0.7ms)[0m  [1m[34mSELECT COUNT(*) FROM "posts"[0m
  [1m[35m (0.5ms)[0m  [1m[34mSELECT DISTINCT COUNT(DISTINCT "posts"."id") FROM "posts"[0m
  Rendered posts/index.html.erb within layouts/application (5.8ms)
Completed 200 OK in 79ms (Views: 75.1ms | ActiveRecord: 1.2ms)


Started GET "/users/sign_in" for ::1 at 2017-04-04 02:48:47 -0500
Processing by Devise::SessionsController#new as HTML
  Rendering devise/sessions/new.html.erb within layouts/application
  Rendered devise/shared/_links.html.erb (2.8ms)
  Rendered devise/sessions/new.html.erb within layouts/application (10.7ms)
Completed 200 OK in 68ms (Views: 64.4ms | ActiveRecord: 0.0ms)


Started GET "/" for ::1 at 2017-04-04 02:48:49 -0500
Processing by PostsController#index as HTML
  Rendering posts/index.html.erb within layouts/application
  [1m[35m (0.8ms)[0m  [1m[34mSELECT COUNT(*) FROM "posts"[0m
  [1m[35m (0.6ms)[0m  [1m[34mSELECT DISTINCT COUNT(DISTINCT "posts"."id") FROM "posts"[0m
  Rendered posts/index.html.erb within layouts/application (6.7ms)
Completed 200 OK in 75ms (Views: 70.0ms | ActiveRecord: 1.4ms)


Started GET "/" for ::1 at 2017-04-04 02:52:03 -0500
Processing by PostsController#index as HTML
  Rendering posts/index.html.erb within layouts/application
  [1m[35m (0.4ms)[0m  [1m[34mSELECT COUNT(*) FROM "posts"[0m
  [1m[35m (0.5ms)[0m  [1m[34mSELECT DISTINCT COUNT(DISTINCT "posts"."id") FROM "posts"[0m
  Rendered posts/index.html.erb within layouts/application (5.2ms)
Completed 200 OK in 3049ms (Views: 3046.1ms | ActiveRecord: 1.0ms)


Started GET "/" for ::1 at 2017-04-04 02:52:44 -0500
Processing by PostsController#index as HTML
  Rendering posts/index.html.erb within layouts/application
  [1m[35m (0.5ms)[0m  [1m[34mSELECT COUNT(*) FROM "posts"[0m
  [1m[35m (0.7ms)[0m  [1m[34mSELECT DISTINCT COUNT(DISTINCT "posts"."id") FROM "posts"[0m
  Rendered posts/index.html.erb within layouts/application (6.4ms)
Completed 200 OK in 3069ms (Views: 3065.2ms | ActiveRecord: 1.2ms)


Started GET "/" for ::1 at 2017-04-04 02:53:06 -0500
Processing by PostsController#index as HTML
  Rendering posts/index.html.erb within layouts/application
  [1m[35m (0.3ms)[0m  [1m[34mSELECT COUNT(*) FROM "posts"[0m
  [1m[35m (1.3ms)[0m  [1m[34mSELECT DISTINCT COUNT(DISTINCT "posts"."id") FROM "posts"[0m
  Rendered posts/index.html.erb within layouts/application (4.7ms)
Completed 200 OK in 3022ms (Views: 3009.3ms | ActiveRecord: 1.6ms)


Started GET "/" for ::1 at 2017-04-04 02:53:19 -0500
Processing by PostsController#index as HTML
  Rendering posts/index.html.erb within layouts/application
  [1m[35m (0.9ms)[0m  [1m[34mSELECT COUNT(*) FROM "posts"[0m
  [1m[35m (1.4ms)[0m  [1m[34mSELECT DISTINCT COUNT(DISTINCT "posts"."id") FROM "posts"[0m
  Rendered posts/index.html.erb within layouts/application (9.7ms)
Completed 200 OK in 2909ms (Views: 2903.3ms | ActiveRecord: 2.3ms)


Started GET "/" for ::1 at 2017-04-04 02:53:29 -0500
Processing by PostsController#index as HTML
  Rendering posts/index.html.erb within layouts/application
  [1m[35m (0.4ms)[0m  [1m[34mSELECT COUNT(*) FROM "posts"[0m
  [1m[35m (1.4ms)[0m  [1m[34mSELECT DISTINCT COUNT(DISTINCT "posts"."id") FROM "posts"[0m
  Rendered posts/index.html.erb within layouts/application (8.6ms)
Completed 200 OK in 3033ms (Views: 3023.5ms | ActiveRecord: 1.8ms)


Started GET "/" for ::1 at 2017-04-04 02:54:14 -0500
Processing by PostsController#index as HTML
  Rendering posts/index.html.erb within layouts/application
  [1m[35m (0.7ms)[0m  [1m[34mSELECT COUNT(*) FROM "posts"[0m
  [1m[35m (1.1ms)[0m  [1m[34mSELECT DISTINCT COUNT(DISTINCT "posts"."id") FROM "posts"[0m
  Rendered posts/index.html.erb within layouts/application (9.4ms)
Completed 200 OK in 2653ms (Views: 2648.3ms | ActiveRecord: 1.8ms)


Started GET "/" for ::1 at 2017-04-04 02:56:07 -0500
Processing by PostsController#index as HTML
  Rendering posts/index.html.erb within layouts/application
  [1m[35m (0.4ms)[0m  [1m[34mSELECT COUNT(*) FROM "posts"[0m
  [1m[35m (0.4ms)[0m  [1m[34mSELECT DISTINCT COUNT(DISTINCT "posts"."id") FROM "posts"[0m
  Rendered posts/index.html.erb within layouts/application (4.3ms)
Completed 200 OK in 3223ms (Views: 3214.5ms | ActiveRecord: 0.8ms)


Started GET "/" for ::1 at 2017-04-04 02:56:40 -0500
Processing by PostsController#index as HTML
  Rendering posts/index.html.erb within layouts/application
  [1m[35m (0.6ms)[0m  [1m[34mSELECT COUNT(*) FROM "posts"[0m
  [1m[35m (0.5ms)[0m  [1m[34mSELECT DISTINCT COUNT(DISTINCT "posts"."id") FROM "posts"[0m
  Rendered posts/index.html.erb within layouts/application (6.8ms)
Completed 200 OK in 2694ms (Views: 2689.7ms | ActiveRecord: 1.1ms)


Started GET "/" for ::1 at 2017-04-04 02:56:57 -0500
Processing by PostsController#index as HTML
  Rendering posts/index.html.erb within layouts/application
  [1m[35m (3.0ms)[0m  [1m[34mSELECT COUNT(*) FROM "posts"[0m
  [1m[35m (0.8ms)[0m  [1m[34mSELECT DISTINCT COUNT(DISTINCT "posts"."id") FROM "posts"[0m
  Rendered posts/index.html.erb within layouts/application (9.4ms)
Completed 200 OK in 3071ms (Views: 3063.8ms | ActiveRecord: 3.9ms)


Started GET "/" for ::1 at 2017-04-04 02:57:11 -0500
Processing by PostsController#index as HTML
  Rendering posts/index.html.erb within layouts/application
  [1m[35m (0.4ms)[0m  [1m[34mSELECT COUNT(*) FROM "posts"[0m
  [1m[35m (0.4ms)[0m  [1m[34mSELECT DISTINCT COUNT(DISTINCT "posts"."id") FROM "posts"[0m
  Rendered posts/index.html.erb within layouts/application (4.5ms)
Completed 200 OK in 2834ms (Views: 2828.6ms | ActiveRecord: 0.8ms)


Started GET "/" for ::1 at 2017-04-04 02:57:58 -0500
Processing by PostsController#index as HTML
  Rendering posts/index.html.erb within layouts/application
  [1m[35m (2.4ms)[0m  [1m[34mSELECT COUNT(*) FROM "posts"[0m
  [1m[35m (0.5ms)[0m  [1m[34mSELECT DISTINCT COUNT(DISTINCT "posts"."id") FROM "posts"[0m
  Rendered posts/index.html.erb within layouts/application (8.9ms)
Completed 200 OK in 2709ms (Views: 2704.0ms | ActiveRecord: 2.9ms)


Started GET "/" for ::1 at 2017-04-04 02:58:29 -0500
Processing by PostsController#index as HTML
  Rendering posts/index.html.erb within layouts/application
  [1m[35m (0.5ms)[0m  [1m[34mSELECT COUNT(*) FROM "posts"[0m
  [1m[35m (0.6ms)[0m  [1m[34mSELECT DISTINCT COUNT(DISTINCT "posts"."id") FROM "posts"[0m
  Rendered posts/index.html.erb within layouts/application (6.7ms)
Completed 200 OK in 3222ms (Views: 3218.0ms | ActiveRecord: 1.0ms)


Started GET "/?utf8=%E2%9C%93&q%5Btitle_cont%5D=&commit=Search" for ::1 at 2017-04-04 02:58:40 -0500
Processing by PostsController#index as HTML
  Parameters: {"utf8"=>"✓", "q"=>{"title_cont"=>""}, "commit"=>"Search"}
  Rendering posts/index.html.erb within layouts/application
  [1m[35m (0.7ms)[0m  [1m[34mSELECT COUNT(*) FROM "posts"[0m
  [1m[35m (1.2ms)[0m  [1m[34mSELECT DISTINCT COUNT(DISTINCT "posts"."id") FROM "posts"[0m
  Rendered posts/index.html.erb within layouts/application (7.9ms)
Completed 200 OK in 118ms (Views: 108.2ms | ActiveRecord: 1.9ms)


